<?xml version="1.0" encoding="UTF-8"?>
<!-- Generated by org.testng.reporters.JUnitReportReporter -->
<testsuite hostname="DESKTOP-6SPUJNH" failures="0" tests="2" name="runners.MainRunner" time="46.809" errors="0" timestamp="2020-04-19T16:04:44 EEST" skipped="0">
  <testcase classname="runners.MainRunner" name="feature" time="20.724"/>
  <system-out/>
  <testcase classname="runners.MainRunner" name="feature" time="26.085"/>
  <system-out/>
</testsuite> <!-- runners.MainRunner -->
